0 info it worked if it ends with ok
1 verbose cli [ '/usr/local/Cellar/node/5.10.1/bin/node',
1 verbose cli   '/usr/local/bin/npm',
1 verbose cli   'run',
1 verbose cli   'gulp' ]
2 info using npm@3.10.6
3 info using node@v5.10.1
4 verbose run-script [ 'pregulp', 'gulp', 'postgulp' ]
5 info lifecycle mariusz.cc@1.0.0~pregulp: mariusz.cc@1.0.0
6 silly lifecycle mariusz.cc@1.0.0~pregulp: no script for pregulp, continuing
7 info lifecycle mariusz.cc@1.0.0~gulp: mariusz.cc@1.0.0
8 verbose lifecycle mariusz.cc@1.0.0~gulp: unsafe-perm in lifecycle true
9 verbose lifecycle mariusz.cc@1.0.0~gulp: PATH: /usr/local/lib/node_modules/npm/bin/node-gyp-bin:/Users/mariusz/Documents/work/mariusz.cc/node_modules/.bin:/usr/local/Cellar/node/5.10.1/bin:/Users/mariusz/.rbenv/versions/2.2.2/lib/ruby/gems/2.2.0/bin:/Users/mariusz/.rbenv/versions/2.2.2/bin:/usr/local/Cellar/rbenv/0.4.0/libexec:/Users/mariusz/google-cloud-sdk/bin:/Users/mariusz/work/lilt-core/scripts:/Users/mariusz/work/lilt-core/prod/:/Users/mariusz/.rbenv/shims:/Users/mariusz/.rbenv/bin:/usr/local/share/npm/bin:/usr/local/bin:/usr/local/sbin:/Applications/Postgres.app/Contents/Versions/9.4/bin:/usr/local/go/bin:/usr/bin:/usr/sbin:/bin:/sbin:/Users/mariusz/go/bin
10 verbose lifecycle mariusz.cc@1.0.0~gulp: CWD: /Users/mariusz/Documents/work/mariusz.cc
11 silly lifecycle mariusz.cc@1.0.0~gulp: Args: [ '-c', 'gulp watch' ]
12 silly lifecycle mariusz.cc@1.0.0~gulp: Returned: code: 1  signal: null
13 info lifecycle mariusz.cc@1.0.0~gulp: Failed to exec gulp script
14 verbose stack Error: mariusz.cc@1.0.0 gulp: `gulp watch`
14 verbose stack Exit status 1
14 verbose stack     at EventEmitter.<anonymous> (/usr/local/lib/node_modules/npm/lib/utils/lifecycle.js:255:16)
14 verbose stack     at emitTwo (events.js:100:13)
14 verbose stack     at EventEmitter.emit (events.js:185:7)
14 verbose stack     at ChildProcess.<anonymous> (/usr/local/lib/node_modules/npm/lib/utils/spawn.js:40:14)
14 verbose stack     at emitTwo (events.js:100:13)
14 verbose stack     at ChildProcess.emit (events.js:185:7)
14 verbose stack     at maybeClose (internal/child_process.js:850:16)
14 verbose stack     at Process.ChildProcess._handle.onexit (internal/child_process.js:215:5)
15 verbose pkgid mariusz.cc@1.0.0
16 verbose cwd /Users/mariusz/Documents/work/mariusz.cc
17 error Darwin 15.6.0
18 error argv "/usr/local/Cellar/node/5.10.1/bin/node" "/usr/local/bin/npm" "run" "gulp"
19 error node v5.10.1
20 error npm  v3.10.6
21 error code ELIFECYCLE
22 error mariusz.cc@1.0.0 gulp: `gulp watch`
22 error Exit status 1
23 error Failed at the mariusz.cc@1.0.0 gulp script 'gulp watch'.
23 error Make sure you have the latest version of node.js and npm installed.
23 error If you do, this is most likely a problem with the mariusz.cc package,
23 error not with npm itself.
23 error Tell the author that this fails on your system:
23 error     gulp watch
23 error You can get information on how to open an issue for this project with:
23 error     npm bugs mariusz.cc
23 error Or if that isn't available, you can get their info via:
23 error     npm owner ls mariusz.cc
23 error There is likely additional logging output above.
24 verbose exit [ 1, true ]
